[ +255 ms] executing: sysctl hw.optional.arm64
[   +6 ms] Exit code 1 from: sysctl hw.optional.arm64
[        ] sysctl: unknown oid 'hw.optional.arm64'
[  +28 ms] Artifact Instance of 'MaterialFonts' is not required, skipping update.
[        ] Artifact Instance of 'GradleWrapper' is not required, skipping update.
[        ] Artifact Instance of 'AndroidGenSnapshotArtifacts' is not required, skipping update.
[        ] Artifact Instance of 'AndroidInternalBuildArtifacts' is not required, skipping update.
[        ] Artifact Instance of 'IOSEngineArtifacts' is not required, skipping update.
[        ] Artifact Instance of 'FlutterWebSdk' is not required, skipping update.
[  +20 ms] Artifact Instance of 'LegacyCanvasKitRemover' is not required, skipping update.
[        ] Artifact Instance of 'FlutterSdk' is not required, skipping update.
[        ] Artifact Instance of 'WindowsEngineArtifacts' is not required, skipping update.
[        ] Artifact Instance of 'MacOSEngineArtifacts' is not required, skipping update.
[        ] Artifact Instance of 'LinuxEngineArtifacts' is not required, skipping update.
[        ] Artifact Instance of 'LinuxFuchsiaSDKArtifacts' is not required, skipping update.
[        ] Artifact Instance of 'MacOSFuchsiaSDKArtifacts' is not required, skipping update.
[        ] Artifact Instance of 'FlutterRunnerSDKArtifacts' is not required, skipping update.
[        ] Artifact Instance of 'FlutterRunnerDebugSymbols' is not required, skipping update.
[        ] Artifact Instance of 'IosUsbArtifacts' is not required, skipping update.
[        ] Artifact Instance of 'IosUsbArtifacts' is not required, skipping update.
[        ] Artifact Instance of 'IosUsbArtifacts' is not required, skipping update.
[        ] Artifact Instance of 'IosUsbArtifacts' is not required, skipping update.
[        ] Artifact Instance of 'IosUsbArtifacts' is not required, skipping update.
[        ] Artifact Instance of 'IosUsbArtifacts' is not required, skipping update.
[        ] Artifact Instance of 'FontSubsetArtifacts' is not required, skipping update.
[        ] Artifact Instance of 'PubDependencies' is not required, skipping update.
[ +244 ms] Artifact Instance of 'AndroidGenSnapshotArtifacts' is not required, skipping update.
[        ] Artifact Instance of 'AndroidInternalBuildArtifacts' is not required, skipping update.
[        ] Artifact Instance of 'IOSEngineArtifacts' is not required, skipping update.
[        ] Artifact Instance of 'FlutterWebSdk' is not required, skipping update.
[        ] Artifact Instance of 'FlutterEngineStamp' is not required, skipping update.
[        ] Artifact Instance of 'LegacyCanvasKitRemover' is not required, skipping update.
[   +6 ms] Artifact Instance of 'WindowsEngineArtifacts' is not required, skipping update.
[        ] Artifact Instance of 'MacOSEngineArtifacts' is not required, skipping update.
[        ] Artifact Instance of 'LinuxEngineArtifacts' is not required, skipping update.
[        ] Artifact Instance of 'LinuxFuchsiaSDKArtifacts' is not required, skipping update.
[        ] Artifact Instance of 'MacOSFuchsiaSDKArtifacts' is not required, skipping update.
[        ] Artifact Instance of 'FlutterRunnerSDKArtifacts' is not required, skipping update.
[        ] Artifact Instance of 'FlutterRunnerDebugSymbols' is not required, skipping update.
[ +165 ms] Artifact Instance of 'MaterialFonts' is not required, skipping update.
[        ] Artifact Instance of 'GradleWrapper' is not required, skipping update.
[        ] Artifact Instance of 'AndroidGenSnapshotArtifacts' is not required, skipping update.
[        ] Artifact Instance of 'AndroidInternalBuildArtifacts' is not required, skipping update.
[        ] Artifact Instance of 'IOSEngineArtifacts' is not required, skipping update.
[   +8 ms] Artifact Instance of 'FlutterEngineStamp' is not required, skipping update.
[   +1 ms] Artifact Instance of 'FlutterSdk' is not required, skipping update.
[        ] Artifact Instance of 'WindowsEngineArtifacts' is not required, skipping update.
[        ] Artifact Instance of 'MacOSEngineArtifacts' is not required, skipping update.
[        ] Artifact Instance of 'LinuxEngineArtifacts' is not required, skipping update.
[        ] Artifact Instance of 'LinuxFuchsiaSDKArtifacts' is not required, skipping update.
[        ] Artifact Instance of 'MacOSFuchsiaSDKArtifacts' is not required, skipping update.
[        ] Artifact Instance of 'FlutterRunnerSDKArtifacts' is not required, skipping update.
[        ] Artifact Instance of 'FlutterRunnerDebugSymbols' is not required, skipping update.
[        ] Artifact Instance of 'IosUsbArtifacts' is not required, skipping update.
[        ] Artifact Instance of 'IosUsbArtifacts' is not required, skipping update.
[        ] Artifact Instance of 'IosUsbArtifacts' is not required, skipping update.
[        ] Artifact Instance of 'IosUsbArtifacts' is not required, skipping update.
[        ] Artifact Instance of 'IosUsbArtifacts' is not required, skipping update.
[        ] Artifact Instance of 'IosUsbArtifacts' is not required, skipping update.
[        ] Artifact Instance of 'FontSubsetArtifacts' is not required, skipping update.
[        ] Artifact Instance of 'PubDependencies' is not required, skipping update.
[  +58 ms] Skipping pub get: version match.
[ +360 ms] Found plugin shared_preferences at /Users/kurtgoedgebuer/.pub-cache/hosted/pub.dev/shared_preferences-2.5.3/
[  +16 ms] Found plugin shared_preferences_windows at /Users/kurtgoedgebuer/.pub-cache/hosted/pub.dev/shared_preferences_windows-2.4.1/
[  +26 ms] Found plugin path_provider_windows at /Users/kurtgoedgebuer/.pub-cache/hosted/pub.dev/path_provider_windows-2.3.0/
[  +22 ms] Found plugin shared_preferences_web at /Users/kurtgoedgebuer/.pub-cache/hosted/pub.dev/shared_preferences_web-2.4.3/
[  +32 ms] Found plugin shared_preferences_linux at /Users/kurtgoedgebuer/.pub-cache/hosted/pub.dev/shared_preferences_linux-2.4.1/
[   +3 ms] Found plugin path_provider_linux at /Users/kurtgoedgebuer/.pub-cache/hosted/pub.dev/path_provider_linux-2.2.1/
[  +33 ms] Found plugin shared_preferences_foundation at /Users/kurtgoedgebuer/.pub-cache/hosted/pub.dev/shared_preferences_foundation-2.5.5/
[  +13 ms] Found plugin shared_preferences_android at /Users/kurtgoedgebuer/.pub-cache/hosted/pub.dev/shared_preferences_android-2.4.15/
[ +105 ms] Found plugin shared_preferences at /Users/kurtgoedgebuer/.pub-cache/hosted/pub.dev/shared_preferences-2.5.3/
[   +1 ms] Found plugin shared_preferences_windows at /Users/kurtgoedgebuer/.pub-cache/hosted/pub.dev/shared_preferences_windows-2.4.1/
[   +4 ms] Found plugin path_provider_windows at /Users/kurtgoedgebuer/.pub-cache/hosted/pub.dev/path_provider_windows-2.3.0/
[   +5 ms] Found plugin shared_preferences_web at /Users/kurtgoedgebuer/.pub-cache/hosted/pub.dev/shared_preferences_web-2.4.3/
[   +2 ms] Found plugin shared_preferences_linux at /Users/kurtgoedgebuer/.pub-cache/hosted/pub.dev/shared_preferences_linux-2.4.1/
[   +1 ms] Found plugin path_provider_linux at /Users/kurtgoedgebuer/.pub-cache/hosted/pub.dev/path_provider_linux-2.2.1/
[   +2 ms] Found plugin shared_preferences_foundation at /Users/kurtgoedgebuer/.pub-cache/hosted/pub.dev/shared_preferences_foundation-2.5.5/
[   +1 ms] Found plugin shared_preferences_android at /Users/kurtgoedgebuer/.pub-cache/hosted/pub.dev/shared_preferences_android-2.4.15/
[  +76 ms] Skipping generating web_plugin_registrant.dart because it is up-to-date.
[  +26 ms] Found plugin shared_preferences at /Users/kurtgoedgebuer/.pub-cache/hosted/pub.dev/shared_preferences-2.5.3/
[   +1 ms] Found plugin shared_preferences_windows at /Users/kurtgoedgebuer/.pub-cache/hosted/pub.dev/shared_preferences_windows-2.4.1/
[   +2 ms] Found plugin path_provider_windows at /Users/kurtgoedgebuer/.pub-cache/hosted/pub.dev/path_provider_windows-2.3.0/
[   +4 ms] Found plugin shared_preferences_web at /Users/kurtgoedgebuer/.pub-cache/hosted/pub.dev/shared_preferences_web-2.4.3/
[   +2 ms] Found plugin shared_preferences_linux at /Users/kurtgoedgebuer/.pub-cache/hosted/pub.dev/shared_preferences_linux-2.4.1/
[   +1 ms] Found plugin path_provider_linux at /Users/kurtgoedgebuer/.pub-cache/hosted/pub.dev/path_provider_linux-2.2.1/
[   +2 ms] Found plugin shared_preferences_foundation at /Users/kurtgoedgebuer/.pub-cache/hosted/pub.dev/shared_preferences_foundation-2.5.5/
[   +1 ms] Found plugin shared_preferences_android at /Users/kurtgoedgebuer/.pub-cache/hosted/pub.dev/shared_preferences_android-2.4.15/
[  +38 ms] Generating /Users/kurtgoedgebuer/Desktop/Oud_SmartShop/smartshoplist_v150/android/app/src/main/java/io/flutter/plugins/GeneratedPluginRegistrant.java
[  +14 ms] Skipping generating GeneratedPluginRegistrant.java because it is up-to-date.
[  +32 ms] Skipping generating generated_plugin_registrant.h because it is up-to-date.
[   +1 ms] Skipping generating generated_plugin_registrant.cc because it is up-to-date.
[   +1 ms] Skipping generating generated_plugins.cmake because it is up-to-date.
[   +2 ms] Skipping generating generated_plugin_registrant.h because it is up-to-date.
[   +1 ms] Skipping generating generated_plugin_registrant.cc because it is up-to-date.
[   +1 ms] Skipping generating generated_plugins.cmake because it is up-to-date.
[   +2 ms] Skipping generating GeneratedPluginRegistrant.swift because it is up-to-date.
[  +11 ms] executing: sysctl hw.optional.arm64
[   +5 ms] Exit code 1 from: sysctl hw.optional.arm64
[        ] sysctl: unknown oid 'hw.optional.arm64'
[        ] executing: xcrun xcodebuild -version
[  +26 ms] Exit code 72 from: xcrun xcodebuild -version
[        ] xcrun: error: unable to find utility "xcodebuild", not a developer tool or in PATH
[ +303 ms] Found plugin shared_preferences at /Users/kurtgoedgebuer/.pub-cache/hosted/pub.dev/shared_preferences-2.5.3/
[   +1 ms] Found plugin shared_preferences_windows at /Users/kurtgoedgebuer/.pub-cache/hosted/pub.dev/shared_preferences_windows-2.4.1/
[   +3 ms] Found plugin path_provider_windows at /Users/kurtgoedgebuer/.pub-cache/hosted/pub.dev/path_provider_windows-2.3.0/
[  +12 ms] Found plugin shared_preferences_web at /Users/kurtgoedgebuer/.pub-cache/hosted/pub.dev/shared_preferences_web-2.4.3/
[   +2 ms] Found plugin shared_preferences_linux at /Users/kurtgoedgebuer/.pub-cache/hosted/pub.dev/shared_preferences_linux-2.4.1/
[   +1 ms] Found plugin path_provider_linux at /Users/kurtgoedgebuer/.pub-cache/hosted/pub.dev/path_provider_linux-2.2.1/
[   +1 ms] Found plugin shared_preferences_foundation at /Users/kurtgoedgebuer/.pub-cache/hosted/pub.dev/shared_preferences_foundation-2.5.5/
[   +1 ms] Found plugin shared_preferences_android at /Users/kurtgoedgebuer/.pub-cache/hosted/pub.dev/shared_preferences_android-2.4.15/
[   +2 ms] generated_plugin_registrant.dart not found. Skipping.
[  +27 ms] Compiling lib/main.dart for the Web...
[  +19 ms] Initializing file store
[  +20 ms] Done initializing file store
[  +57 ms] Skipping target: web_entrypoint
[   +1 ms] invalidated build due to missing files: /Users/kurtgoedgebuer/Desktop/Oud_SmartShop/smartshoplist_v150/web/*/index.html, /Users/kurtgoedgebuer/Desktop/Oud_SmartShop/smartshoplist_v150/web/flutter_bootstrap.js
[   +1 ms] Skipping target: gen_localizations
[   +1 ms] web_templated_files: Starting due to {InvalidatedReasonKind.outputMissing: The following outputs were missing: /Users/kurtgoedgebuer/Desktop/Oud_SmartShop/smartshoplist_v150/build/web/*/index.html, InvalidatedReasonKind.inputMissing: The following inputs were missing: /Users/kurtgoedgebuer/Desktop/Oud_SmartShop/smartshoplist_v150/web/*/index.html,/Users/kurtgoedgebuer/Desktop/Oud_SmartShop/smartshoplist_v150/web/flutter_bootstrap.js}
[   +1 ms] web_static_assets: Starting due to {InvalidatedReasonKind.outputMissing: The following outputs were missing: /Users/kurtgoedgebuer/Desktop/Oud_SmartShop/smartshoplist_v150/.dart_tool/flutter_build/a0b259757ad044f3468ff74edae94484/flutter.js,/Users/kurtgoedgebuer/Desktop/Oud_SmartShop/smartshoplist_v150/.dart_tool/flutter_build/a0b259757ad044f3468ff74edae94484/canvaskit/skwasm.js,/Users/kurtgoedgebuer/Desktop/Oud_SmartShop/smartshoplist_v150/.dart_tool/flutter_build/a0b259757ad044f3468ff74edae94484/canvaskit/skwasm_heavy.js,/Users/kurtgoedgebuer/Desktop/Oud_SmartShop/smartshoplist_v150/.dart_tool/flutter_build/a0b259757ad044f3468ff74edae94484/canvaskit/skwasm.js.symbols,/Users/kurtgoedgebuer/Desktop/Oud_SmartShop/smartshoplist_v150/.dart_tool/flutter_build/a0b259757ad044f3468ff74edae94484/canvaskit/canvaskit.js.symbols,/Users/kurtgoedgebuer/Desktop/Oud_SmartShop/smartshoplist_v150/.dart_tool/flutter_build/a0b259757ad044f3468ff74edae94484/canvaskit/skwasm_heavy.js.symbols,/Users/kurtgoedgebuer/Desktop/Oud_SmartShop/smartshoplist_v150/.dart_tool/flutter_build/a0b259757ad044f3468ff74edae94484/canvaskit/skwasm.wasm,/Users/kurtgoedgebuer/Desktop/Oud_SmartShop/smartshoplist_v150/.dart_tool/flutter_build/a0b259757ad044f3468ff74edae94484/canvaskit/chromium/canvaskit.js.symbols,/Users/kurtgoedgebuer/Desktop/Oud_SmartShop/smartshoplist_v150/.dart_tool/flutter_build/a0b259757ad044f3468ff74edae94484/canvaskit/chromium/canvaskit.js,/Users/kurtgoedgebuer/Desktop/Oud_SmartShop/smartshoplist_v150/.dart_tool/flutter_build/a0b259757ad044f3468ff74edae94484/canvaskit/chromium/canvaskit.wasm,/Users/kurtgoedgebuer/Desktop/Oud_SmartShop/smartshoplist_v150/.dart_tool/flutter_build/a0b259757ad044f3468ff74edae94484/canvaskit/canvaskit.js,/Users/kurtgoedgebuer/Desktop/Oud_SmartShop/smartshoplist_v150/.dart_tool/flutter_build/a0b259757ad044f3468ff74edae94484/canvaskit/canvaskit.wasm,/Users/kurtgoedgebuer/Desktop/Oud_SmartShop/smartshoplist_v150/.dart_tool/flutter_build/a0b259757ad044f3468ff74edae94484/canvaskit/skwasm_heavy.wasm}
[+1079 ms] web_static_assets: Complete
[   +2 ms] dart2js: Starting due to {}
[   +7 ms] executing: /Applications/flutter/bin/cache/dart-sdk/bin/dart compile js --platform-binaries=/Applications/flutter/bin/cache/flutter_web_sdk/kernel --invoker=flutter_tool -Ddart.vm.product=true -DFLUTTER_VERSION=3.35.7 -DFLUTTER_CHANNEL=stable -DFLUTTER_GIT_URL=https://github.com/flutter/flutter.git -DFLUTTER_FRAMEWORK_REVISION=adc9010625 -DFLUTTER_ENGINE_REVISION=035316565a -DFLUTTER_DART_VERSION=3.9.2 -DFLUTTER_WEB_USE_SKIA=true -DFLUTTER_WEB_USE_SKWASM=false -DFLUTTER_WEB_CANVASKIT_URL=https://www.gstatic.com/flutter-canvaskit/035316565ad77281a75305515e4682e6c4c6f7ca/ --native-null-assertions --no-source-maps -O4 --minify -o /Users/kurtgoedgebuer/Desktop/Oud_SmartShop/smartshoplist_v150/.dart_tool/flutter_build/a0b259757ad044f3468ff74edae94484/app.dill --packages=/Users/kurtgoedgebuer/Desktop/Oud_SmartShop/smartshoplist_v150/.dart_tool/package_config.json --cfe-only /Users/kurtgoedgebuer/Desktop/Oud_SmartShop/smartshoplist_v150/.dart_tool/flutter_build/a0b259757ad044f3468ff74edae94484/main.dart
[        ] dart2wasm: Starting due to {}
[   +1 ms] executing: /Applications/flutter/bin/cache/dart-sdk/bin/dart compile wasm --packages=/Users/kurtgoedgebuer/Desktop/Oud_SmartShop/smartshoplist_v150/.dart_tool/package_config.json --extra-compiler-option=--platform=/Applications/flutter/bin/cache/flutter_web_sdk/kernel/dart2wasm_platform.dill -Ddart.vm.profile=false -Ddart.vm.product=true --extra-compiler-option=--delete-tostring-package-uri=dart:ui --extra-compiler-option=--delete-tostring-package-uri=package:flutter --extra-compiler-option=--import-shared-memory --extra-compiler-option=--shared-memory-max-pages=32768 -DFLUTTER_VERSION=3.35.7 -DFLUTTER_CHANNEL=stable -DFLUTTER_GIT_URL=https://github.com/flutter/flutter.git -DFLUTTER_FRAMEWORK_REVISION=adc9010625 -DFLUTTER_ENGINE_REVISION=035316565a -DFLUTTER_DART_VERSION=3.9.2 -DFLUTTER_WEB_USE_SKIA=false -DFLUTTER_WEB_USE_SKWASM=true -DFLUTTER_WEB_CANVASKIT_URL=https://www.gstatic.com/flutter-canvaskit/035316565ad77281a75305515e4682e6c4c6f7ca/ --extra-compiler-option=--depfile=/Users/kurtgoedgebuer/Desktop/Oud_SmartShop/smartshoplist_v150/.dart_tool/flutter_build/a0b259757ad044f3468ff74edae94484/dart2wasm.d -O2 --strip-wasm --no-source-maps --minify --extra-compiler-option=--dry-run -o /Users/kurtgoedgebuer/Desktop/Oud_SmartShop/smartshoplist_v150/.dart_tool/flutter_build/a0b259757ad044f3468ff74edae94484/main.dart.wasm /Users/kurtgoedgebuer/Desktop/Oud_SmartShop/smartshoplist_v150/.dart_tool/flutter_build/a0b259757ad044f3468ff74edae94484/main.dart
[  +39 ms] web_templated_files: Complete
[+13836 ms] Wasm dry run succeeded. Consider building and testing your application with the `--wasm` flag. See docs for more info: https://docs.flutter.dev/platform-integration/web/wasm
[   +2 ms] Use --no-wasm-dry-run to disable these warnings.
[  +27 ms] dart2wasm: Complete
[ +616 ms] Error: Couldn't resolve the package 'firebase_core' in 'package:firebase_core/firebase_core.dart'.
           lib/main.dart:2:8:
           Error: Not found: 'package:firebase_core/firebase_core.dart'
           import 'package:firebase_core/firebase_core.dart';
                  ^
           Error: Couldn't resolve the package 'firebase_core_web' in 'package:firebase_core_web/firebase_core_web.dart'.
           Error: Couldn't resolve the package 'cloud_firestore_web' in 'package:cloud_firestore_web/cloud_firestore_web.dart'.
           Error: Couldn't resolve the package 'firebase_auth_web' in 'package:firebase_auth_web/firebase_auth_web.dart'.
           lib/firebase_web_registration.dart:1:8:
           Error: Not found: 'package:firebase_core_web/firebase_core_web.dart'
           import 'package:firebase_core_web/firebase_core_web.dart';
                  ^
           lib/firebase_web_registration.dart:2:8:
           Error: Not found: 'package:cloud_firestore_web/cloud_firestore_web.dart'
           import 'package:cloud_firestore_web/cloud_firestore_web.dart';
                  ^
           lib/firebase_web_registration.dart:3:8:
           Error: Not found: 'package:firebase_auth_web/firebase_auth_web.dart'
           import 'package:firebase_auth_web/firebase_auth_web.dart';
                  ^
           lib/main.dart:9:20:
           Error: Couldn't find constructor 'FirebaseOptions'.
               options: const FirebaseOptions(
                              ^^^^^^^^^^^^^^^
           lib/main.dart:8:9:
           Error: Undefined name 'Firebase'.
             await Firebase.initializeApp(
                   ^^^^^^^^
           lib/firebase_web_registration.dart:7:3:
           Error: Undefined name 'FirebaseCoreWeb'.
             FirebaseCoreWeb.registerWith(registrar);
             ^^^^^^^^^^^^^^^
           lib/firebase_web_registration.dart:8:3:
           Error: Undefined name 'FirebaseFirestoreWeb'.
             FirebaseFirestoreWeb.registerWith(registrar);
             ^^^^^^^^^^^^^^^^^^^^
           lib/firebase_web_registration.dart:9:3:
           Error: Undefined name 'FirebaseAuthWeb'.
             FirebaseAuthWeb.registerWith(registrar);
             ^^^^^^^^^^^^^^^
           Error: Compilation failed.
[   +3 ms] Persisting file store
[   +2 ms] Done persisting file store
[  +16 ms] Target dart2js failed: ProcessException: Process exited abnormally with exit code 1:
           Error: Couldn't resolve the package 'firebase_core' in 'package:firebase_core/firebase_core.dart'.
           lib/main.dart:2:8:
           Error: Not found: 'package:firebase_core/firebase_core.dart'
           import 'package:firebase_core/firebase_core.dart';
                  ^
           Error: Couldn't resolve the package 'firebase_core_web' in 'package:firebase_core_web/firebase_core_web.dart'.
           Error: Couldn't resolve the package 'cloud_firestore_web' in 'package:cloud_firestore_web/cloud_firestore_web.dart'.
           Error: Couldn't resolve the package 'firebase_auth_web' in 'package:firebase_auth_web/firebase_auth_web.dart'.
           lib/firebase_web_registration.dart:1:8:
           Error: Not found: 'package:firebase_core_web/firebase_core_web.dart'
           import 'package:firebase_core_web/firebase_core_web.dart';
                  ^
           lib/firebase_web_registration.dart:2:8:
           Error: Not found: 'package:cloud_firestore_web/cloud_firestore_web.dart'
           import 'package:cloud_firestore_web/cloud_firestore_web.dart';
                  ^
           lib/firebase_web_registration.dart:3:8:
           Error: Not found: 'package:firebase_auth_web/firebase_auth_web.dart'
           import 'package:firebase_auth_web/firebase_auth_web.dart';
                  ^
           lib/main.dart:9:20:
           Error: Couldn't find constructor 'FirebaseOptions'.
               options: const FirebaseOptions(
                              ^^^^^^^^^^^^^^^
           lib/main.dart:8:9:
           Error: Undefined name 'Firebase'.
             await Firebase.initializeApp(
                   ^^^^^^^^
           lib/firebase_web_registration.dart:7:3:
           Error: Undefined name 'FirebaseCoreWeb'.
             FirebaseCoreWeb.registerWith(registrar);
             ^^^^^^^^^^^^^^^
           lib/firebase_web_registration.dart:8:3:
           Error: Undefined name 'FirebaseFirestoreWeb'.
             FirebaseFirestoreWeb.registerWith(registrar);
             ^^^^^^^^^^^^^^^^^^^^
           lib/firebase_web_registration.dart:9:3:
           Error: Undefined name 'FirebaseAuthWeb'.
             FirebaseAuthWeb.registerWith(registrar);
             ^^^^^^^^^^^^^^^
           Error: Compilation failed.
             Command: /Applications/flutter/bin/cache/dart-sdk/bin/dart compile js --platform-binaries=/Applications/flutter/bin/cache/flutter_web_sdk/kernel --invoker=flutter_tool -Ddart.vm.product=true -DFLUTTER_VERSION=3.35.7 -DFLUTTER_CHANNEL=stable -DFLUTTER_GIT_URL=https://github.com/flutter/flutter.git -DFLUTTER_FRAMEWORK_REVISION=adc9010625 -DFLUTTER_ENGINE_REVISION=035316565a -DFLUTTER_DART_VERSION=3.9.2 -DFLUTTER_WEB_USE_SKIA=true -DFLUTTER_WEB_USE_SKWASM=false -DFLUTTER_WEB_CANVASKIT_URL=https://www.gstatic.com/flutter-canvaskit/035316565ad77281a75305515e4682e6c4c6f7ca/ --native-null-assertions --no-source-maps -O4 --minify -o /Users/kurtgoedgebuer/Desktop/Oud_SmartShop/smartshoplist_v150/.dart_tool/flutter_build/a0b259757ad044f3468ff74edae94484/app.dill --packages=/Users/kurtgoedgebuer/Desktop/Oud_SmartShop/smartshoplist_v150/.dart_tool/package_config.json --cfe-only /Users/kurtgoedgebuer/Desktop/Oud_SmartShop/smartshoplist_v150/.dart_tool/flutter_build/a0b259757ad044f3468ff74edae94484/main.dart
           #0      RunResult.throwException (package:flutter_tools/src/base/process.dart:118:5)
           #1      _DefaultProcessUtils.run (package:flutter_tools/src/base/process.dart:344:19)
           <asynchronous suspension>
           #2      Dart2JSTarget.build (package:flutter_tools/src/build_system/targets/web.dart:204:5)
           <asynchronous suspension>
           #3      _BuildInstance._invokeInternal (package:flutter_tools/src/build_system/build_system.dart:873:9)
           <asynchronous suspension>
           #4      Future.wait.<anonymous closure> (dart:async/future.dart:525:21)
           <asynchronous suspension>
           #5      _BuildInstance.invokeTarget (package:flutter_tools/src/build_system/build_system.dart:811:32)
           <asynchronous suspension>
           #6      Future.wait.<anonymous closure> (dart:async/future.dart:525:21)
           <asynchronous suspension>
           #7      _BuildInstance.invokeTarget (package:flutter_tools/src/build_system/build_system.dart:811:32)
           <asynchronous suspension>
           #8      FlutterBuildSystem.build (package:flutter_tools/src/build_system/build_system.dart:631:16)
           <asynchronous suspension>
           #9      WebBuilder.buildWeb (package:flutter_tools/src/web/compile.dart:90:34)
           <asynchronous suspension>
           #10     BuildWebCommand.runCommand (package:flutter_tools/src/commands/build_web.dart:282:5)
           <asynchronous suspension>
           #11     FlutterCommand.run.<anonymous closure> (package:flutter_tools/src/runner/flutter_command.dart:1581:27)
           <asynchronous suspension>
           #12     AppContext.run.<anonymous closure> (package:flutter_tools/src/base/context.dart:154:19)
           <asynchronous suspension>
           #13     CommandRunner.runCommand (package:args/command_runner.dart:212:13)
           <asynchronous suspension>
           #14     FlutterCommandRunner.runCommand.<anonymous closure> (package:flutter_tools/src/runner/flutter_command_runner.dart:503:9)
           <asynchronous suspension>
           #15     AppContext.run.<anonymous closure> (package:flutter_tools/src/base/context.dart:154:19)
           <asynchronous suspension>
           #16     FlutterCommandRunner.runCommand (package:flutter_tools/src/runner/flutter_command_runner.dart:438:5)
           <asynchronous suspension>
           #17     run.<anonymous closure>.<anonymous closure> (package:flutter_tools/runner.dart:98:11)
           <asynchronous suspension>
           #18     AppContext.run.<anonymous closure> (package:flutter_tools/src/base/context.dart:154:19)
           <asynchronous suspension>
           #19     main (package:flutter_tools/executable.dart:101:3)
           <asynchronous suspension>

[   +2 ms] Compiling lib/main.dart for the Web... (completed in 15,7s)
[        ] "flutter web" took 17.333ms.
[  +23 ms] executing: sw_vers -productName
[  +50 ms] Exit code 0 from: sw_vers -productName
[        ] macOS
[        ] executing: sw_vers -productVersion
[  +14 ms] Exit code 0 from: sw_vers -productVersion
[        ] 12.7.6
[        ] executing: sw_vers -buildVersion
[  +13 ms] Exit code 0 from: sw_vers -buildVersion
[        ] 21H1320
[        ] executing: uname -m
[  +20 ms] Exit code 0 from: uname -m
[        ] x86_64
[  +75 ms] Error: Failed to compile application for the Web.
[        ] 
           #0      throwToolExit (package:flutter_tools/src/base/common.dart:34:3)
           #1      WebBuilder.buildWeb (package:flutter_tools/src/web/compile.dart:132:7)
           <asynchronous suspension>
           #2      BuildWebCommand.runCommand (package:flutter_tools/src/commands/build_web.dart:282:5)
           <asynchronous suspension>
           #3      FlutterCommand.run.<anonymous closure> (package:flutter_tools/src/runner/flutter_command.dart:1581:27)
           <asynchronous suspension>
           #4      AppContext.run.<anonymous closure> (package:flutter_tools/src/base/context.dart:154:19)
           <asynchronous suspension>
           #5      CommandRunner.runCommand (package:args/command_runner.dart:212:13)
           <asynchronous suspension>
           #6      FlutterCommandRunner.runCommand.<anonymous closure> (package:flutter_tools/src/runner/flutter_command_runner.dart:503:9)
           <asynchronous suspension>
           #7      AppContext.run.<anonymous closure> (package:flutter_tools/src/base/context.dart:154:19)
           <asynchronous suspension>
           #8      FlutterCommandRunner.runCommand (package:flutter_tools/src/runner/flutter_command_runner.dart:438:5)
           <asynchronous suspension>
           #9      run.<anonymous closure>.<anonymous closure> (package:flutter_tools/runner.dart:98:11)
           <asynchronous suspension>
           #10     AppContext.run.<anonymous closure> (package:flutter_tools/src/base/context.dart:154:19)
           <asynchronous suspension>
           #11     main (package:flutter_tools/executable.dart:101:3)
           <asynchronous suspension>


[        ] Running 1 shutdown hook
[   +1 ms] Shutdown hooks complete
[  +34 ms] exiting with code 1
